\BOOKMARK [0][-]{section*.1}{\376\377\000D\000i\000s\000s\000e\000r\000t\000a\000t\000i\000o\000n\000\040\000A\000p\000p\000r\000o\000v\000a\000l\000\040\000P\000a\000g\000e}{}% 1
\BOOKMARK [0][-]{section*.2}{\376\377\000T\000a\000b\000l\000e\000\040\000o\000f\000\040\000C\000o\000n\000t\000e\000n\000t\000s}{}% 2
\BOOKMARK [0][-]{section*.3}{\376\377\000A\000c\000k\000n\000o\000w\000l\000e\000d\000g\000e\000m\000e\000n\000t\000s}{}% 3
\BOOKMARK [0][-]{section*.4}{\376\377\000V\000i\000t\000a}{}% 4
\BOOKMARK [0][-]{section*.5}{\376\377\000A\000b\000s\000t\000r\000a\000c\000t}{}% 5
\BOOKMARK [-1][-]{part.1}{\376\377\000I\000\040\000C\000o\000l\000e\000m\000a\000n\000\040\000I\000n\000t\000e\000g\000r\000a\000t\000i\000o\000n\000\040\000o\000n\000\040\000M\000o\000d\000u\000l\000a\000r\000\040\000C\000u\000r\000v\000e\000s}{}% 6
\BOOKMARK [0][-]{chapter.1}{\376\377\000P\000r\000e\000l\000i\000m\000i\000n\000a\000r\000i\000e\000s}{part.1}% 7
\BOOKMARK [1][-]{section.1.1}{\376\377\000I\000n\000t\000r\000o\000d\000u\000c\000t\000i\000o\000n}{chapter.1}% 8
\BOOKMARK [1][-]{section.1.2}{\376\377\000B\000a\000c\000k\000g\000r\000o\000u\000n\000d}{chapter.1}% 9
\BOOKMARK [2][-]{subsection.1.2.1}{\376\377\000M\000o\000d\000u\000l\000a\000r\000\040\000f\000o\000r\000m\000s}{section.1.2}% 10
\BOOKMARK [2][-]{subsection.1.2.2}{\376\377\000M\000o\000d\000u\000l\000a\000r\000\040\000c\000u\000r\000v\000e\000s}{section.1.2}% 11
\BOOKMARK [2][-]{subsection.1.2.3}{\376\377\000H\000e\000c\000k\000e\000\040\000o\000p\000e\000r\000a\000t\000o\000r\000s}{section.1.2}% 12
\BOOKMARK [2][-]{subsection.1.2.4}{\376\377\000C\000o\000l\000e\000m\000a\000n\000\040\000i\000n\000t\000e\000g\000r\000a\000l\000s}{section.1.2}% 13
\BOOKMARK [0][-]{chapter.2}{\376\377\000C\000o\000l\000e\000m\000a\000n\000\040\000I\000n\000t\000e\000g\000r\000a\000t\000i\000o\000n\000\040\000o\000n\000\040\000M\000o\000d\000u\000l\000a\000r\000\040\000C\000u\000r\000v\000e\000s}{part.1}% 14
\BOOKMARK [1][-]{section.2.1}{\376\377\000B\000r\000e\000a\000k\000i\000n\000g\000\040\000t\000h\000e\000\040\000C\000o\000l\000e\000m\000a\000n\000\040\000i\000n\000t\000e\000g\000r\000a\000l\000s\000\040\000i\000n\000t\000o\000\040\000t\000i\000n\000y\000\040\000i\000n\000t\000e\000g\000r\000a\000l\000s}{chapter.2}% 15
\BOOKMARK [1][-]{section.2.2}{\376\377\000C\000o\000m\000p\000u\000t\000i\000n\000g\000\040\000a\000\040\000b\000a\000s\000i\000s\000\040\000o\000f\000\040\000c\000u\000s\000p\000\040\000f\000o\000r\000m\000s}{chapter.2}% 16
\BOOKMARK [1][-]{section.2.3}{\376\377\000H\000e\000c\000k\000e\000\040\000o\000p\000e\000r\000a\000t\000o\000r\000s\000\040\000a\000s\000\040\000d\000o\000u\000b\000l\000e\000\040\000c\000o\000s\000e\000t\000\040\000o\000p\000e\000r\000a\000t\000o\000r\000s}{chapter.2}% 17
\BOOKMARK [1][-]{section.2.4}{\376\377\000T\000i\000n\000y\000\040\000i\000n\000t\000e\000g\000r\000a\000l\000s\000\040\000v\000i\000a\000\040\000c\000o\000m\000p\000l\000e\000x\000\040\000n\000u\000m\000b\000e\000r\000\040\000a\000p\000p\000r\000o\000x\000i\000m\000a\000t\000i\000o\000n}{chapter.2}% 18
\BOOKMARK [0][-]{chapter.3}{\376\377\000C\000o\000m\000p\000u\000t\000a\000t\000i\000o\000n\000s\000\040\000a\000n\000d\000\040\000e\000x\000a\000m\000p\000l\000e\000s}{part.1}% 19
\BOOKMARK [1][-]{section.3.1}{\376\377\000X\0000\000\050\000N\000\051}{chapter.3}% 20
\BOOKMARK [2][-]{subsection.3.1.1}{\376\377\000E\000x\000a\000m\000p\000l\000e\000:\000\040\000X\0000\000\050\0003\0007\000\051}{section.3.1}% 21
\BOOKMARK [1][-]{section.3.2}{\376\377\000X\0000\000+\000\050\000N\000\051}{chapter.3}% 22
\BOOKMARK [2][-]{subsection.3.2.1}{\376\377\000E\000x\000a\000m\000p\000l\000e\000:\000\040\000X\0000\000+\000\050\0006\0007\000\051}{section.3.2}% 23
\BOOKMARK [1][-]{section.3.3}{\376\377\000X\000n\000s\000+\000\050\000p\000\051}{chapter.3}% 24
\BOOKMARK [2][-]{subsection.3.3.1}{\376\377\000E\000x\000a\000m\000p\000l\000e\000:\000\040\000X\000n\000s\000+\000\050\0001\0003\000\051}{section.3.3}% 25
\BOOKMARK [1][-]{section.3.4}{\376\377\000C\000o\000n\000c\000l\000u\000s\000i\000o\000n\000\040\000a\000n\000d\000\040\000f\000u\000t\000u\000r\000e\000\040\000w\000o\000r\000k}{chapter.3}% 26
\BOOKMARK [-1][-]{part.2}{\376\377\000I\000I\000\040\000D\000e\000c\000o\000d\000i\000n\000g\000\040\000F\000a\000i\000l\000u\000r\000e\000s\000\040\000o\000f\000\040\000B\000I\000K\000E}{}% 27
\BOOKMARK [0][-]{chapter.4}{\376\377\000P\000r\000e\000l\000i\000m\000i\000n\000a\000r\000i\000e\000s}{part.2}% 28
\BOOKMARK [1][-]{section.4.1}{\376\377\000I\000n\000t\000r\000o\000d\000u\000c\000t\000i\000o\000n}{chapter.4}% 29
\BOOKMARK [1][-]{section.4.2}{\376\377\000B\000a\000c\000k\000g\000r\000o\000u\000n\000d\000\040\000o\000n\000\040\000c\000o\000d\000e\000-\000b\000a\000s\000e\000d\000\040\000c\000r\000y\000p\000t\000o\000g\000r\000a\000p\000h\000y}{chapter.4}% 30
\BOOKMARK [2][-]{subsection.4.2.1}{\376\377\000C\000o\000d\000i\000n\000g\000\040\000t\000h\000e\000o\000r\000y}{section.4.2}% 31
\BOOKMARK [2][-]{subsection.4.2.2}{\376\377\000C\000o\000d\000e\000-\000b\000a\000s\000e\000d\000\040\000c\000r\000y\000p\000t\000o\000g\000r\000a\000p\000h\000y}{section.4.2}% 32
\BOOKMARK [2][-]{subsection.4.2.3}{\376\377\000K\000E\000M\000'\000s\000\040\000a\000n\000d\000\040\000N\000i\000e\000d\000e\000r\000r\000e\000i\000t\000e\000r\000\040\000c\000r\000y\000p\000t\000o\000s\000y\000s\000t\000e\000m\000s}{section.4.2}% 33
\BOOKMARK [0][-]{chapter.5}{\376\377\000B\000I\000K\000E}{part.2}% 34
\BOOKMARK [1][-]{section.5.1}{\376\377\000P\000a\000r\000a\000m\000e\000t\000e\000r\000s\000\040\000a\000n\000d\000\040\000d\000e\000s\000i\000g\000n}{chapter.5}% 35
\BOOKMARK [1][-]{section.5.2}{\376\377\000D\000e\000c\000o\000d\000i\000n\000g\000\040\000f\000a\000i\000l\000u\000r\000e\000s\000,\000\040\000w\000e\000a\000k\000\040\000k\000e\000y\000s\000\040\000a\000n\000d\000\040\000n\000e\000a\000r\000-\000c\000o\000d\000e\000w\000o\000r\000d\000s}{chapter.5}% 36
\BOOKMARK [0][-]{chapter.6}{\376\377\000E\000x\000p\000e\000r\000i\000m\000e\000n\000t\000s}{part.2}% 37
\BOOKMARK [1][-]{section.6.1}{\376\377\000M\000e\000t\000h\000o\000d\000s}{chapter.6}% 38
\BOOKMARK [1][-]{section.6.2}{\376\377\000E\000x\000p\000e\000r\000i\000m\000e\000n\000t\000a\000l\000\040\000r\000e\000s\000u\000l\000t\000s}{chapter.6}% 39
\BOOKMARK [1][-]{section.6.3}{\376\377\000D\000F\000R\000\040\000o\000n\000\040\000A\000t\000,\000\050\000S\000\051}{chapter.6}% 40
\BOOKMARK [1][-]{section.6.4}{\376\377\000S\000y\000n\000d\000r\000o\000m\000e\000\040\000w\000e\000i\000g\000h\000t\000\040\000a\000s\000\040\000a\000n\000\040\000i\000n\000d\000i\000c\000a\000t\000o\000r}{chapter.6}% 41
\BOOKMARK [1][-]{section.6.5}{\376\377\000C\000o\000n\000c\000l\000u\000s\000i\000o\000n\000\040\000a\000n\000d\000\040\000f\000u\000t\000u\000r\000e\000\040\000w\000o\000r\000k}{chapter.6}% 42
\BOOKMARK [0][-]{chapter*.21}{\376\377\000B\000i\000b\000l\000i\000o\000g\000r\000a\000p\000h\000y}{part.2}% 43
